2020-09-23 00:02:14,417 INFO PERFORMANCE:|2|2|-1|-1

2020-09-23 00:07:14,438 INFO PERFORMANCE:|2|2|-1|-1

2020-09-23 00:12:14,456 INFO PERFORMANCE:|2|2|-1|-1

2020-09-23 00:17:14,475 INFO PERFORMANCE:|2|2|-1|-1

2020-09-23 00:22:14,493 INFO PERFORMANCE:|2|2|-1|-1

2020-09-23 00:27:14,511 INFO PERFORMANCE:|2|2|-1|-1

2020-09-23 00:32:14,529 INFO PERFORMANCE:|2|2|-1|-1

2020-09-23 00:37:14,547 INFO PERFORMANCE:|2|2|-1|-1

2020-09-23 00:42:14,565 INFO PERFORMANCE:|2|2|-1|-1

2020-09-23 00:47:14,583 INFO PERFORMANCE:|2|2|-1|-1

2020-09-23 00:52:14,602 INFO PERFORMANCE:|2|2|-1|-1

2020-09-23 00:57:14,620 INFO PERFORMANCE:|2|2|-1|-1

2020-09-23 01:02:14,638 INFO PERFORMANCE:|2|2|-1|-1

2020-09-23 01:07:14,656 INFO PERFORMANCE:|2|2|-1|-1

2020-09-23 01:12:14,674 INFO PERFORMANCE:|2|2|-1|-1

2020-09-23 01:17:14,692 INFO PERFORMANCE:|2|2|-1|-1

2020-09-23 01:22:14,711 INFO PERFORMANCE:|2|2|-1|-1

2020-09-23 01:27:14,729 INFO PERFORMANCE:|2|2|-1|-1

2020-09-23 01:32:14,747 INFO PERFORMANCE:|2|2|-1|-1

2020-09-23 01:37:14,765 INFO PERFORMANCE:|2|2|-1|-1

2020-09-23 01:42:14,783 INFO PERFORMANCE:|2|2|-1|-1

2020-09-23 01:47:14,801 INFO PERFORMANCE:|2|2|-1|-1

2020-09-23 01:52:14,820 INFO PERFORMANCE:|2|2|-1|-1

2020-09-23 01:57:14,838 INFO PERFORMANCE:|2|2|-1|-1

2020-09-23 02:02:14,856 INFO PERFORMANCE:|2|2|-1|-1

2020-09-23 02:07:14,874 INFO PERFORMANCE:|2|2|-1|-1

2020-09-23 02:12:14,892 INFO PERFORMANCE:|2|2|-1|-1

2020-09-23 02:17:14,910 INFO PERFORMANCE:|2|2|-1|-1

2020-09-23 02:22:14,929 INFO PERFORMANCE:|2|2|-1|-1

2020-09-23 02:27:14,947 INFO PERFORMANCE:|2|2|-1|-1

2020-09-23 02:32:14,965 INFO PERFORMANCE:|2|2|-1|-1

2020-09-23 02:37:14,983 INFO PERFORMANCE:|2|2|-1|-1

2020-09-23 02:42:15,001 INFO PERFORMANCE:|2|2|-1|-1

2020-09-23 02:47:15,019 INFO PERFORMANCE:|2|2|-1|-1

2020-09-23 02:52:15,037 INFO PERFORMANCE:|2|2|-1|-1

2020-09-23 02:57:15,056 INFO PERFORMANCE:|2|2|-1|-1

2020-09-23 03:02:15,074 INFO PERFORMANCE:|2|2|-1|-1

2020-09-23 03:07:15,092 INFO PERFORMANCE:|2|2|-1|-1

2020-09-23 03:12:15,110 INFO PERFORMANCE:|2|2|-1|-1

2020-09-23 03:17:15,128 INFO PERFORMANCE:|2|2|-1|-1

2020-09-23 03:22:15,146 INFO PERFORMANCE:|2|2|-1|-1

2020-09-23 03:27:15,165 INFO PERFORMANCE:|2|2|-1|-1

2020-09-23 03:32:15,183 INFO PERFORMANCE:|2|2|-1|-1

2020-09-23 03:37:15,201 INFO PERFORMANCE:|1|1|-1|-1

2020-09-23 03:42:15,219 INFO PERFORMANCE:|1|1|-1|-1

2020-09-23 03:47:15,237 INFO PERFORMANCE:|1|1|-1|-1

2020-09-23 03:52:15,255 INFO PERFORMANCE:|1|1|-1|-1

2020-09-23 03:57:15,274 INFO PERFORMANCE:|1|1|-1|-1

2020-09-23 04:02:15,292 INFO PERFORMANCE:|1|1|-1|-1

2020-09-23 04:07:15,310 INFO PERFORMANCE:|1|1|-1|-1

2020-09-23 04:12:15,328 INFO PERFORMANCE:|1|1|-1|-1

2020-09-23 04:17:15,346 INFO PERFORMANCE:|1|1|-1|-1

2020-09-23 04:22:15,364 INFO PERFORMANCE:|1|1|-1|-1

2020-09-23 04:27:15,383 INFO PERFORMANCE:|1|1|-1|-1

2020-09-23 04:32:15,401 INFO PERFORMANCE:|1|1|-1|-1

2020-09-23 04:37:15,419 INFO PERFORMANCE:|1|1|-1|-1

2020-09-23 04:42:15,437 INFO PERFORMANCE:|1|1|-1|-1

2020-09-23 04:47:15,455 INFO PERFORMANCE:|1|1|-1|-1

2020-09-23 04:52:15,473 INFO PERFORMANCE:|1|1|-1|-1

2020-09-23 04:57:15,491 INFO PERFORMANCE:|1|1|-1|-1

2020-09-23 05:02:15,510 INFO PERFORMANCE:|1|1|-1|-1

2020-09-23 05:07:15,528 INFO PERFORMANCE:|1|1|-1|-1

2020-09-23 05:12:15,546 INFO PERFORMANCE:|1|1|-1|-1

2020-09-23 05:17:15,564 INFO PERFORMANCE:|1|1|-1|-1

2020-09-23 05:22:15,582 INFO PERFORMANCE:|1|1|-1|-1

2020-09-23 05:27:15,600 INFO PERFORMANCE:|1|1|-1|-1

2020-09-23 05:32:15,619 INFO PERFORMANCE:|1|1|-1|-1

2020-09-23 05:37:15,637 INFO PERFORMANCE:|1|1|-1|-1

2020-09-23 05:42:15,655 INFO PERFORMANCE:|1|1|-1|-1

2020-09-23 05:47:15,673 INFO PERFORMANCE:|1|1|-1|-1

2020-09-23 05:52:15,691 INFO PERFORMANCE:|1|1|-1|-1

2020-09-23 05:57:15,709 INFO PERFORMANCE:|1|1|-1|-1

2020-09-23 06:02:15,728 INFO PERFORMANCE:|1|1|-1|-1

